 &plot nbnd=  16, nks=   141 /
            0.375000  0.375000  0.750000
   -2.863   -0.451    3.183    4.650    8.471   10.921   11.192   13.638   15.475   15.723
   18.060   19.796   20.574   22.255   24.948   26.065
            0.367188  0.367188  0.734375
   -2.885   -0.449    3.261    4.641    8.468   10.861   11.170   13.498   15.610   15.968
   18.074   19.524   20.334   22.378   25.298   25.802
            0.359375  0.359375  0.718750
   -2.920   -0.429    3.342    4.635    8.468   10.804   11.152   13.361   15.727   16.217
   18.111   19.258   20.096   22.497   25.489   25.709
            0.351562  0.351562  0.703125
   -2.967   -0.391    3.424    4.631    8.471   10.747   11.132   13.228   15.820   16.467
   18.172   18.996   19.858   22.608   25.249   26.047
            0.343750  0.343750  0.687500
   -3.024   -0.337    3.508    4.630    8.477   10.692   11.113   13.098   15.892   16.718
   18.252   18.741   19.629   22.709   24.996   25.964
            0.335938  0.335938  0.671875
   -3.092   -0.269    3.594    4.631    8.486   10.639   11.094   12.972   15.945   16.959
   18.341   18.496   19.416   22.793   24.764   25.745
            0.328125  0.328125  0.656250
   -3.166   -0.187    3.681    4.635    8.498   10.586   11.078   12.853   15.979   17.199
   18.276   18.412   19.244   22.859   24.554   25.518
            0.320312  0.320312  0.640625
   -3.247   -0.094    3.769    4.642    8.512   10.536   11.064   12.736   15.998   17.382
   18.111   18.415   19.156   22.880   24.385   25.281
            0.312500  0.312500  0.625000
   -3.332    0.010    3.858    4.652    8.528   10.487   11.049   12.625   16.007   17.422
   18.094   18.312   19.188   22.849   24.268   25.041
            0.304688  0.304688  0.609375
   -3.421    0.123    3.947    4.664    8.546   10.439   11.036   12.518   16.006   17.297
   18.133   18.251   19.305   22.759   24.214   24.799
            0.296875  0.296875  0.593750
   -3.512    0.244    4.038    4.679    8.566   10.392   11.022   12.417   16.000   17.105
   17.920   18.481   19.460   22.620   24.215   24.560
            0.289062  0.289062  0.578125
   -3.605    0.372    4.129    4.696    8.588   10.346   11.009   12.322   15.990   16.894
   17.694   18.734   19.628   22.451   24.254   24.324
            0.281250  0.281250  0.562500
   -3.699    0.507    4.220    4.717    8.611   10.302   10.996   12.234   15.977   16.682
   17.464   19.001   19.793   22.274   24.093   24.313
            0.273438  0.273438  0.546875
   -3.792    0.648    4.312    4.740    8.636   10.259   10.983   12.152   15.960   16.469
   17.232   19.266   19.940   22.106   23.870   24.371
            0.265625  0.265625  0.531250
   -3.886    0.795    4.403    4.766    8.661   10.217   10.969   12.078   15.940   16.261
   17.003   19.528   20.051   21.969   23.657   24.411
            0.257812  0.257812  0.515625
   -3.979    0.946    4.495    4.794    8.686   10.176   10.954   12.012   15.913   16.059
   16.781   19.785   20.106   21.884   23.458   24.405
            0.250000  0.250000  0.500000
   -4.071    1.102    4.586    4.825    8.710   10.136   10.937   11.953   15.857   15.875
   16.573   20.025   20.089   21.858   23.277   24.336
            0.242188  0.242188  0.484375
   -4.161    1.262    4.677    4.859    8.736   10.096   10.920   11.906   15.673   15.815
   16.392   20.002   20.253   21.908   23.126   24.222
            0.234375  0.234375  0.468750
   -4.250    1.427    4.768    4.895    8.760   10.056   10.899   11.866   15.493   15.713
   16.254   19.858   20.448   21.988   23.007   24.081
            0.226562  0.226562  0.453125
   -4.337    1.595    4.858    4.934    8.784   10.016   10.876   11.835   15.322   15.562
   16.168   19.677   20.601   22.074   22.938   23.954
            0.218750  0.218750  0.437500
   -4.422    1.766    4.947    4.976    8.806    9.977   10.849   11.815   15.160   15.376
   16.122   19.474   20.698   22.134   22.933   23.871
            0.210938  0.210938  0.421875
   -4.504    1.941    5.020    5.035    8.826    9.936   10.818   11.804   15.008   15.171
   16.099   19.259   20.729   22.140   23.000   23.855
            0.203125  0.203125  0.406250
   -4.585    2.119    5.066    5.122    8.845    9.896   10.781   11.802   14.864   14.958
   16.087   19.039   20.696   22.078   23.133   23.918
            0.195312  0.195312  0.390625
   -4.663    2.300    5.115    5.208    8.863    9.853   10.740   11.808   14.729   14.742
   16.082   18.818   20.616   21.954   23.322   24.047
            0.187500  0.187500  0.375000
   -4.738    2.484    5.166    5.293    8.879    9.812   10.695   11.824   14.528   14.613
   16.081   18.600   20.505   21.791   23.555   24.225
            0.179688  0.179688  0.359375
   -4.811    2.670    5.220    5.376    8.893    9.770   10.643   11.846   14.317   14.507
   16.079   18.390   20.369   21.600   23.816   24.431
            0.171875  0.171875  0.343750
   -4.881    2.858    5.276    5.457    8.907    9.729   10.585   11.873   14.112   14.413
   16.075   18.189   20.219   21.393   24.098   24.646
            0.164062  0.164062  0.328125
   -4.948    3.049    5.333    5.536    8.919    9.688   10.522   11.902   13.915   14.335
   16.066   18.001   20.061   21.177   24.395   24.839
            0.156250  0.156250  0.312500
   -5.012    3.242    5.393    5.614    8.930    9.646   10.452   11.928   13.732   14.264
   16.049   17.831   19.899   20.957   24.702   24.934
            0.148438  0.148438  0.296875
   -5.074    3.436    5.455    5.689    8.940    9.605   10.377   11.947   13.566   14.205
   16.020   17.680   19.734   20.735   24.862   25.017
            0.140625  0.140625  0.281250
   -5.133    3.632    5.518    5.761    8.950    9.566   10.297   11.949   13.428   14.159
   15.976   17.557   19.570   20.514   24.699   25.338
            0.132812  0.132812  0.265625
   -5.188    3.828    5.582    5.831    8.958    9.526   10.211   11.923   13.318   14.118
   15.914   17.459   19.407   20.287   24.496   25.663
            0.125000  0.125000  0.250000
   -5.241    4.026    5.649    5.898    8.966    9.488   10.123   11.868   13.255   14.091
   15.833   17.393   19.251   20.071   24.282   25.997
            0.117188  0.117188  0.234375
   -5.290    4.224    5.715    5.962    8.974    9.452   10.031   11.777   13.232   14.073
   15.736   17.353   19.096   19.855   24.062   26.327
            0.109375  0.109375  0.218750
   -5.337    4.423    5.783    6.023    8.982    9.417    9.937   11.656   13.249   14.065
   15.626   17.339   18.947   19.645   23.844   26.664
            0.101562  0.101562  0.203125
   -5.380    4.620    5.850    6.080    8.989    9.384    9.842   11.512   13.292   14.062
   15.508   17.342   18.802   19.437   23.629   26.993
            0.093750  0.093750  0.187500
   -5.420    4.816    5.918    6.134    8.996    9.352    9.747   11.354   13.358   14.066
   15.386   17.361   18.665   19.236   23.420   27.321
            0.085938  0.085938  0.171875
   -5.458    5.010    5.984    6.184    9.001    9.321    9.652   11.189   13.439   14.074
   15.263   17.391   18.534   19.041   23.220   27.644
            0.078125  0.078125  0.156250
   -5.491    5.201    6.050    6.230    9.006    9.292    9.559   11.021   13.530   14.087
   15.144   17.429   18.411   18.854   23.029   27.960
            0.070312  0.070312  0.140625
   -5.522    5.388    6.114    6.272    9.009    9.263    9.470   10.855   13.626   14.103
   15.030   17.472   18.297   18.676   22.849   28.269
            0.062500  0.062500  0.125000
   -5.550    5.569    6.175    6.310    9.011    9.234    9.384   10.695   13.724   14.120
   14.924   17.518   18.191   18.508   22.682   28.564
            0.054688  0.054688  0.109375
   -5.574    5.742    6.233    6.343    9.012    9.203    9.305   10.546   13.821   14.139
   14.826   17.565   18.096   18.352   22.530   28.844
            0.046875  0.046875  0.093750
   -5.595    5.905    6.286    6.372    9.012    9.171    9.232   10.410   13.913   14.158
   14.739   17.611   18.011   18.209   22.393   29.101
            0.039062  0.039062  0.078125
   -5.613    6.055    6.334    6.397    9.011    9.136    9.167   10.291   13.999   14.176
   14.664   17.654   17.938   18.083   22.274   29.330
            0.031250  0.031250  0.062500
   -5.628    6.188    6.376    6.418    9.010    9.100    9.111   10.192   14.075   14.192
   14.601   17.692   17.880   17.975   22.174   29.525
            0.023438  0.023438  0.046875
   -5.639    6.298    6.409    6.434    9.009    9.065    9.066   10.115   14.137   14.205
   14.551   17.723   17.831   17.887   22.094   29.672
            0.015625  0.015625  0.031250
   -5.647    6.384    6.434    6.445    9.008    9.034    9.035   10.061   14.185   14.215
   14.515   17.749   17.796   17.822   22.036   29.795
            0.007812  0.007812  0.015625
   -5.652    6.436    6.449    6.452    9.007    9.013    9.014   10.028   14.214   14.222
   14.494   17.763   17.775   17.782   22.001   29.865
            0.000000  0.000000  0.000000
   -5.654    6.454    6.454    6.454    9.007    9.007    9.007   10.018   14.224   14.224
   14.486   17.768   17.768   17.768   21.989   29.888
            0.012821  0.012821  0.012821
   -5.651    6.428    6.450    6.450    9.012    9.012    9.015   10.032   14.216   14.216
   14.496   17.759   17.783   17.783   22.005   29.859
            0.025641  0.025641  0.025641
   -5.645    6.351    6.439    6.439    9.029    9.029    9.035   10.076   14.192   14.192
   14.525   17.729   17.829   17.829   22.052   29.762
            0.038462  0.038462  0.038462
   -5.634    6.231    6.420    6.420    9.057    9.057    9.060   10.152   14.154   14.154
   14.573   17.685   17.902   17.902   22.129   29.633
            0.051282  0.051282  0.051282
   -5.619    6.077    6.394    6.394    9.081    9.094    9.094   10.260   14.104   14.104
   14.640   17.627   18.002   18.002   22.234   29.468
            0.064103  0.064103  0.064103
   -5.599    5.895    6.363    6.363    9.091    9.141    9.141   10.398   14.045   14.045
   14.723   17.559   18.126   18.126   22.364   29.274
            0.076923  0.076923  0.076923
   -5.575    5.694    6.324    6.324    9.089    9.195    9.195   10.563   13.980   13.980
   14.822   17.482   18.268   18.268   22.516   29.016
            0.089744  0.089744  0.089744
   -5.547    5.478    6.283    6.283    9.075    9.255    9.255   10.748   13.911   13.911
   14.933   17.402   18.431   18.431   22.688   28.721
            0.102564  0.102564  0.102564
   -5.514    5.251    6.239    6.239    9.052    9.321    9.321   10.949   13.842   13.842
   15.055   17.324   18.611   18.611   22.877   28.404
            0.115385  0.115385  0.115385
   -5.477    5.018    6.192    6.192    9.021    9.390    9.390   11.161   13.774   13.774
   15.184   17.252   18.806   18.806   23.080   28.071
            0.128205  0.128205  0.128205
   -5.436    4.778    6.142    6.142    8.985    9.460    9.460   11.381   13.711   13.711
   15.313   17.193   19.012   19.012   23.294   27.728
            0.141026  0.141026  0.141026
   -5.390    4.536    6.092    6.092    8.943    9.532    9.532   11.606   13.655   13.655
   15.435   17.155   19.230   19.230   23.518   27.378
            0.153846  0.153846  0.153846
   -5.341    4.291    6.041    6.041    8.899    9.602    9.602   11.834   13.607   13.607
   15.540   17.149   19.456   19.456   23.747   27.025
            0.166667  0.166667  0.166667
   -5.287    4.045    5.989    5.989    8.852    9.670    9.670   12.064   13.568   13.568
   15.618   17.184   19.690   19.690   23.978   26.665
            0.179487  0.179487  0.179487
   -5.229    3.799    5.938    5.938    8.805    9.733    9.733   12.294   13.546   13.546
   15.664   17.269   19.933   19.933   24.205   26.313
            0.192308  0.192308  0.192308
   -5.167    3.554    5.887    5.887    8.755    9.792    9.792   12.524   13.535   13.535
   15.675   17.403   20.178   20.178   24.419   25.963
            0.205128  0.205128  0.205128
   -5.101    3.311    5.837    5.837    8.709    9.844    9.844   12.754   13.537   13.537
   15.660   17.583   20.420   20.420   24.611   25.613
            0.217949  0.217949  0.217949
   -5.032    3.069    5.788    5.788    8.659    9.888    9.888   12.980   13.557   13.557
   15.625   17.794   20.666   20.666   24.747   25.279
            0.230769  0.230769  0.230769
   -4.958    2.830    5.741    5.741    8.611    9.925    9.925   13.201   13.595   13.595
   15.580   18.033   20.908   20.908   24.805   24.958
            0.243590  0.243590  0.243590
   -4.881    2.593    5.695    5.695    8.562    9.952    9.952   13.417   13.645   13.645
   15.532   18.290   21.136   21.136   24.656   24.656
            0.256410  0.256410  0.256410
   -4.800    2.359    5.651    5.651    8.516    9.972    9.972   13.625   13.718   13.718
   15.488   18.563   21.346   21.346   24.384   24.384
            0.269231  0.269231  0.269231
   -4.716    2.129    5.608    5.608    8.471    9.986    9.986   13.815   13.815   13.821
   15.453   18.846   21.525   21.525   24.158   24.158
            0.282051  0.282051  0.282051
   -4.629    1.903    5.568    5.568    8.428    9.990    9.990   13.916   13.916   13.998
   15.437   19.135   21.638   21.638   23.992   23.992
            0.294872  0.294872  0.294872
   -4.539    1.681    5.530    5.530    8.387    9.989    9.989   14.038   14.038   14.150
   15.447   19.426   21.671   21.671   23.923   23.923
            0.307692  0.307692  0.307692
   -4.446    1.464    5.493    5.493    8.347    9.982    9.982   14.176   14.176   14.268
   15.495   19.714   21.609   21.609   23.901   23.958
            0.320513  0.320513  0.320513
   -4.351    1.251    5.459    5.459    8.310    9.971    9.971   14.327   14.327   14.346
   15.584   19.991   21.461   21.461   23.712   24.086
            0.333333  0.333333  0.333333
   -4.253    1.045    5.427    5.427    8.276    9.956    9.956   14.387   14.491   14.491
   15.714   20.247   21.254   21.254   23.548   24.283
            0.346154  0.346154  0.346154
   -4.155    0.845    5.398    5.398    8.243    9.938    9.938   14.400   14.667   14.667
   15.876   20.469   21.007   21.007   23.424   24.527
            0.358974  0.358974  0.358974
   -4.055    0.652    5.371    5.371    8.213    9.920    9.920   14.394   14.854   14.854
   16.061   20.639   20.738   20.738   23.357   24.803
            0.371795  0.371795  0.371795
   -3.955    0.466    5.346    5.346    8.185    9.900    9.900   14.377   15.051   15.051
   16.261   20.456   20.456   20.740   23.367   25.099
            0.384615  0.384615  0.384615
   -3.856    0.288    5.323    5.323    8.160    9.880    9.880   14.352   15.256   15.256
   16.469   20.158   20.158   20.763   23.452   25.411
            0.397436  0.397436  0.397436
   -3.759    0.121    5.303    5.303    8.137    9.862    9.862   14.326   15.481   15.481
   16.683   19.872   19.872   20.714   23.629   25.735
            0.410256  0.410256  0.410256
   -3.664   -0.035    5.285    5.285    8.117    9.842    9.842   14.300   15.702   15.702
   16.899   19.578   19.578   20.609   23.867   26.064
            0.423077  0.423077  0.423077
   -3.575   -0.177    5.270    5.270    8.100    9.825    9.825   14.276   15.929   15.929
   17.113   19.287   19.287   20.468   24.157   26.399
            0.435897  0.435897  0.435897
   -3.492   -0.305    5.257    5.257    8.085    9.811    9.811   14.255   16.165   16.165
   17.322   19.008   19.008   20.306   24.484   26.739
            0.448718  0.448718  0.448718
   -3.419   -0.415    5.246    5.246    8.073    9.799    9.799   14.236   16.401   16.401
   17.520   18.728   18.728   20.138   24.831   27.079
            0.461538  0.461538  0.461538
   -3.359   -0.504    5.238    5.238    8.064    9.789    9.789   14.221   16.635   16.635
   17.699   18.458   18.458   19.978   25.195   27.419
            0.474359  0.474359  0.474359
   -3.313   -0.571    5.232    5.232    8.055    9.782    9.782   14.210   16.859   16.859
   17.845   18.208   18.208   19.841   25.549   27.255
            0.487179  0.487179  0.487179
   -3.284   -0.612    5.228    5.228    8.051    9.777    9.777   14.203   17.048   17.048
   17.946   18.004   18.004   19.746   25.906   26.877
            0.500000  0.500000  0.500000
   -3.274   -0.626    5.227    5.227    8.049    9.776    9.776   14.201   17.132   17.132
   17.915   17.915   17.982   19.711   26.121   26.655
            0.500000  0.491935  0.508065
   -3.273   -0.626    5.221    5.226    8.054    9.775    9.778   14.204   17.109   17.125
   17.920   17.921   18.000   19.716   26.121   26.654
            0.500000  0.483871  0.516129
   -3.272   -0.625    5.205    5.222    8.070    9.772    9.785   14.212   17.047   17.104
   17.930   17.932   18.058   19.729   26.118   26.649
            0.500000  0.475806  0.524194
   -3.269   -0.623    5.177    5.217    8.095    9.767    9.797   14.226   16.958   17.071
   17.935   17.951   18.148   19.752   26.115   26.642
            0.500000  0.467742  0.532258
   -3.265   -0.621    5.140    5.209    8.128    9.760    9.813   14.244   16.853   17.029
   17.939   17.976   18.258   19.783   26.110   26.632
            0.500000  0.459677  0.540323
   -3.260   -0.618    5.094    5.199    8.170    9.751    9.834   14.268   16.739   16.979
   17.943   18.003   18.380   19.822   26.103   26.619
            0.500000  0.451613  0.548387
   -3.253   -0.614    5.040    5.187    8.219    9.743    9.862   14.296   16.620   16.923
   17.948   18.035   18.510   19.869   26.098   26.602
            0.500000  0.443548  0.556452
   -3.246   -0.610    4.978    5.173    8.272    9.731    9.894   14.328   16.497   16.864
   17.953   18.065   18.644   19.923   26.088   26.581
            0.500000  0.435484  0.564516
   -3.237   -0.606    4.910    5.156    8.331    9.718    9.931   14.363   16.373   16.802
   17.959   18.095   18.782   19.984   26.076   26.556
            0.500000  0.427419  0.572581
   -3.227   -0.600    4.837    5.137    8.392    9.704    9.975   14.400   16.248   16.740
   17.966   18.126   18.922   20.052   26.061   26.527
            0.500000  0.419355  0.580645
   -3.216   -0.595    4.760    5.116    8.455    9.690   10.025   14.439   16.122   16.679
   17.974   18.156   19.065   20.124   26.045   26.493
            0.500000  0.411290  0.588710
   -3.204   -0.588    4.678    5.093    8.519    9.675   10.081   14.479   15.991   16.617
   17.982   18.185   19.206   20.202   26.026   26.454
            0.500000  0.403226  0.596774
   -3.191   -0.581    4.594    5.068    8.584    9.660   10.144   14.518   15.865   16.561
   17.991   18.214   19.352   20.285   26.005   26.411
            0.500000  0.395161  0.604839
   -3.177   -0.574    4.507    5.040    8.647    9.644   10.215   14.554   15.740   16.510
   18.001   18.243   19.499   20.372   25.981   26.362
            0.500000  0.387097  0.612903
   -3.161   -0.566    4.418    5.011    8.710    9.629   10.292   14.587   15.608   16.463
   18.011   18.271   19.642   20.462   25.954   26.308
            0.500000  0.379032  0.620968
   -3.145   -0.558    4.327    4.979    8.771    9.615   10.376   14.614   15.484   16.427
   18.022   18.300   19.791   20.555   25.925   26.250
            0.500000  0.370968  0.629032
   -3.127   -0.550    4.236    4.946    8.830    9.601   10.467   14.634   15.361   16.400
   18.034   18.329   19.941   20.651   25.893   26.187
            0.500000  0.362903  0.637097
   -3.108   -0.541    4.144    4.910    8.887    9.588   10.564   14.646   15.239   16.385
   18.047   18.359   20.092   20.750   25.858   26.121
            0.500000  0.354839  0.645161
   -3.088   -0.532    4.052    4.873    8.942    9.576   10.668   14.648   15.118   16.382
   18.060   18.389   20.243   20.851   25.821   26.050
            0.500000  0.346774  0.653226
   -3.067   -0.522    3.959    4.833    8.995    9.566   10.778   14.639   14.998   16.392
   18.075   18.421   20.395   20.953   25.781   25.975
            0.500000  0.338710  0.661290
   -3.045   -0.513    3.867    4.792    9.048    9.557   10.894   14.620   14.878   16.414
   18.090   18.454   20.551   21.058   25.747   25.898
            0.500000  0.330645  0.669355
   -3.021   -0.503    3.776    4.749    9.097    9.550   11.013   14.590   14.762   16.451
   18.105   18.489   20.708   21.163   25.696   25.822
            0.500000  0.322581  0.677419
   -2.997   -0.493    3.685    4.704    9.146    9.544   11.138   14.550   14.644   16.492
   18.121   18.524   20.861   21.269   25.648   25.736
            0.500000  0.314516  0.685484
   -2.971   -0.484    3.595    4.658    9.193    9.539   11.268   14.501   14.528   16.546
   18.138   18.562   21.015   21.376   25.599   25.648
            0.500000  0.306452  0.693548
   -2.945   -0.474    3.506    4.610    9.240    9.536   11.402   14.413   14.446   16.609
   18.156   18.603   21.169   21.484   25.547   25.557
            0.500000  0.298387  0.701613
   -2.917   -0.465    3.418    4.560    9.285    9.536   11.539   14.299   14.383   16.677
   18.174   18.647   21.323   21.592   25.462   25.494
            0.500000  0.290323  0.709677
   -2.888   -0.456    3.332    4.509    9.330    9.537   11.680   14.186   14.316   16.751
   18.193   18.694   21.477   21.701   25.363   25.440
            0.500000  0.282258  0.717742
   -2.858   -0.448    3.248    4.457    9.375    9.540   11.824   14.073   14.244   16.827
   18.213   18.746   21.631   21.809   25.259   25.385
            0.500000  0.274194  0.725806
   -2.827   -0.440    3.166    4.403    9.419    9.545   11.971   13.963   14.169   16.906
   18.233   18.801   21.785   21.917   25.151   25.329
            0.500000  0.266129  0.733871
   -2.795   -0.433    3.086    4.349    9.464    9.552   12.121   13.853   14.091   16.985
   18.254   18.860   21.938   22.025   25.038   25.272
            0.500000  0.258065  0.741935
   -2.762   -0.427    3.008    4.293    9.508    9.561   12.272   13.745   14.011   17.064
   18.275   18.925   22.092   22.133   24.920   25.215
            0.500000  0.250000  0.750000
   -2.728   -0.421    2.933    4.237    9.553    9.572   12.426   13.638   13.929   17.141
   18.298   18.995   22.240   22.244   24.795   25.157
            0.500000  0.238636  0.738636
   -2.731   -0.416    2.930    4.241    9.484    9.644   12.425   13.613   13.956   17.101
   18.299   19.038   22.150   22.332   24.687   25.249
            0.500000  0.227273  0.727273
   -2.741   -0.401    2.920    4.253    9.410    9.728   12.419   13.555   14.021   16.990
   18.306   19.155   22.056   22.418   24.485   25.398
            0.500000  0.215909  0.715909
   -2.758   -0.376    2.904    4.273    9.339    9.815   12.410   13.486   14.103   16.828
   18.319   19.325   21.958   22.498   24.265   25.518
            0.500000  0.204545  0.704545
   -2.780   -0.343    2.884    4.300    9.272    9.904   12.397   13.414   14.194   16.632
   18.339   19.532   21.862   22.573   24.041   25.590
            0.500000  0.193182  0.693182
   -2.808   -0.300    2.859    4.334    9.209    9.996   12.380   13.341   14.290   16.417
   18.365   19.760   21.764   22.634   23.828   25.617
            0.500000  0.181818  0.681818
   -2.841   -0.250    2.830    4.372    9.150   10.091   12.360   13.270   14.390   16.190
   18.397   20.002   21.666   22.668   23.639   25.603
            0.500000  0.170455  0.670455
   -2.878   -0.193    2.799    4.415    9.095   10.187   12.336   13.200   14.492   15.955
   18.436   20.251   21.567   22.657   23.492   25.556
            0.500000  0.159091  0.659091
   -2.918   -0.129    2.767    4.461    9.045   10.286   12.311   13.134   14.597   15.718
   18.482   20.507   21.465   22.584   23.412   25.483
            0.500000  0.147727  0.647727
   -2.961   -0.060    2.734    4.509    8.999   10.386   12.280   13.071   14.703   15.479
   18.531   20.761   21.364   22.449   23.397   25.385
            0.500000  0.136364  0.636364
   -3.006    0.013    2.701    4.559    8.959   10.487   12.248   13.012   14.809   15.245
   18.588   21.006   21.267   22.282   23.425   25.270
            0.500000  0.125000  0.625000
   -3.053    0.090    2.669    4.611    8.923   10.588   12.212   12.955   14.883   15.043
   18.647   21.141   21.255   22.114   23.474   25.136
            0.500000  0.113636  0.613636
   -3.101    0.170    2.639    4.662    8.893   10.689   12.173   12.902   14.737   15.065
   18.710   21.046   21.405   22.003   23.532   24.992
            0.500000  0.102273  0.602273
   -3.150    0.252    2.611    4.713    8.868   10.788   12.131   12.853   14.511   15.170
   18.777   20.938   21.398   22.051   23.592   24.842
            0.500000  0.090909  0.590909
   -3.199    0.335    2.586    4.764    8.848   10.885   12.087   12.810   14.285   15.283
   18.848   20.829   21.256   22.236   23.650   24.694
            0.500000  0.079545  0.579545
   -3.248    0.418    2.566    4.813    8.835   10.978   12.040   12.771   14.065   15.398
   18.920   20.715   21.070   22.462   23.698   24.550
            0.500000  0.068182  0.568182
   -3.297    0.501    2.550    4.861    8.827   11.067   11.991   12.738   13.851   15.516
   18.993   20.599   20.876   22.699   23.732   24.418
            0.500000  0.056818  0.556818
   -3.346    0.582    2.540    4.906    8.825   11.147   11.940   12.712   13.647   15.633
   19.065   20.478   20.684   22.930   23.740   24.306
            0.500000  0.045455  0.545455
   -3.394    0.660    2.536    4.949    8.829   11.215   11.885   12.695   13.454   15.750
   19.134   20.356   20.503   23.151   23.713   24.225
            0.500000  0.034091  0.534091
   -3.441    0.734    2.540    4.990    8.840   11.267   11.828   12.689   13.276   15.867
   19.193   20.229   20.337   23.349   23.651   24.176
            0.500000  0.022727  0.522727
   -3.486    0.803    2.553    5.027    8.856   11.297   11.767   12.693   13.118   15.982
   19.233   20.103   20.192   23.477   23.606   24.153
            0.500000  0.011364  0.511364
   -3.531    0.867    2.575    5.061    8.879   11.300   11.707   12.702   12.991   16.096
   19.242   19.979   20.083   23.413   23.694   24.152
            0.500000  0.000000  0.500000
   -3.575    0.923    2.608    5.092    8.907   11.268   11.652   12.691   12.920   16.206
   19.209   19.848   20.031   23.304   23.769   24.185
